#
# There is insufficient memory for the Java Runtime Environment to continue.
# Native memory allocation (malloc) failed to allocate 35952 bytes for Chunk::new
# Possible reasons:
#   The system is out of physical RAM or swap space
#   In 32 bit mode, the process size limit was hit
# Possible solutions:
#   Reduce memory load on the system
#   Increase physical memory or swap space
#   Check if swap backing store is full
#   Use 64 bit Java on a 64 bit OS
#   Decrease Java heap size (-Xmx/-Xms)
#   Decrease number of Java threads
#   Decrease Java thread stack sizes (-Xss)
#   Set larger code cache with -XX:ReservedCodeCacheSize=
# This output file may be truncated or incomplete.
#
#  Out of Memory Error (allocation.cpp:390), pid=4152, tid=1264
#
# JRE version:  (8.0_20-b26) (build )
# Java VM: Java HotSpot(TM) 64-Bit Server VM (25.20-b23 mixed mode windows-amd64 compressed oops)
# Failed to write core dump. Minidumps are not enabled by default on client versions of Windows
#

---------------  T H R E A D  ---------------

Current thread (0x000000000264e000):  JavaThread "main" [_thread_in_native, id=1264, stack(0x0000000002340000,0x0000000002440000)]

Stack: [0x0000000002340000,0x0000000002440000]
Native frames: (J=compiled Java code, j=interpreted, Vv=VM code, C=native code)
V  [jvm.dll+0x3152fa]

Java frames: (J=compiled Java code, j=interpreted, Vv=VM code)
j  java.lang.AbstractStringBuilder.expandCapacity(I)V+43
j  java.lang.AbstractStringBuilder.ensureCapacityInternal(I)V+12
j  java.lang.AbstractStringBuilder.append(Ljava/lang/String;)Ljava/lang/AbstractStringBuilder;+21
j  java.lang.StringBuilder.append(Ljava/lang/String;)Ljava/lang/StringBuilder;+2
j  sun.nio.cs.FastCharsetProvider.lookup(Ljava/lang/String;)Ljava/nio/charset/Charset;+104
j  sun.nio.cs.FastCharsetProvider.charsetForName(Ljava/lang/String;)Ljava/nio/charset/Charset;+10
j  java.nio.charset.Charset.lookup2(Ljava/lang/String;)Ljava/nio/charset/Charset;+39
j  java.nio.charset.Charset.lookup(Ljava/lang/String;)Ljava/nio/charset/Charset;+40
j  java.nio.charset.Charset.defaultCharset()Ljava/nio/charset/Charset;+28
j  sun.nio.cs.StreamEncoder.forOutputStreamWriter(Ljava/io/OutputStream;Ljava/lang/Object;Ljava/lang/String;)Lsun/nio/cs/StreamEncoder;+6
j  java.io.OutputStreamWriter.<init>(Ljava/io/OutputStream;)V+12
j  java.io.PrintStream.<init>(ZLjava/io/OutputStream;)V+26
j  java.io.PrintStream.<init>(Ljava/io/OutputStream;Z)V+11
j  java.lang.System.newPrintStream(Ljava/io/FileOutputStream;Ljava/lang/String;)Ljava/io/PrintStream;+42
j  java.lang.System.initializeSystemClass()V+90
v  ~StubRoutines::call_stub

---------------  P R O C E S S  ---------------

Java Threads: ( => current thread )
  0x0000000002563000 JavaThread "Finalizer" daemon [_thread_blocked, id=2520, stack(0x0000000017050000,0x0000000017150000)]
  0x0000000002562000 JavaThread "Reference Handler" daemon [_thread_blocked, id=5716, stack(0x0000000016f50000,0x0000000017050000)]
=>0x000000000264e000 JavaThread "main" [_thread_in_native, id=1264, stack(0x0000000002340000,0x0000000002440000)]

Other Threads:
  0x0000000015168800 VMThread [stack: 0x0000000016e50000,0x0000000016f50000] [id=6612]

VM state:not at safepoint (normal execution)

VM Mutex/Monitor currently owned by a thread: None

Heap:
 PSYoungGen      total 36864K, used 1269K [0x00000000eab00000, 0x00000000ed400000, 0x0000000100000000)
  eden space 31744K, 4% used [0x00000000eab00000,0x00000000eac3d7b8,0x00000000eca00000)
  from space 5120K, 0% used [0x00000000ecf00000,0x00000000ecf00000,0x00000000ed400000)
  to   space 5120K, 0% used [0x00000000eca00000,0x00000000eca00000,0x00000000ecf00000)
 ParOldGen       total 84992K, used 0K [0x00000000c0000000, 0x00000000c5300000, 0x00000000eab00000)
  object space 84992K, 0% used [0x00000000c0000000,0x00000000c0000000,0x00000000c5300000)
 Metaspace       used 1270K, capacity 4480K, committed 4480K, reserved 1056768K
  class space    used 142K, capacity 384K, committed 384K, reserved 1048576K

Card table byte_map: [0x0000000011a10000,0x0000000011c20000] byte_map_base: 0x0000000011410000

Marking Bits: (ParMarkBitMap*) 0x00000000568ab460
 Begin Bits: [0x0000000012580000, 0x0000000013580000)
 End Bits:   [0x0000000013580000, 0x0000000014580000)

Polling page: 0x0000000002440000

CodeCache: size=245760Kb used=405Kb max_used=405Kb free=245354Kb
 bounds [0x0000000002650000, 0x00000000028c0000, 0x0000000011650000]
 total_blobs=107 nmethods=0 adapters=82
 compilation: enabled

Compilation events (0 events):
No events

GC Heap History (0 events):
No events

Deoptimization events (0 events):
No events

Internal exceptions (2 events):
Event: 0.071 Thread 0x000000000264e000 Exception <a 'java/lang/NoSuchMethodError': Method sun.misc.Unsafe.defineClass(Ljava/lang/String;[BII)Ljava/lang/Class; name or signature does not match> (0x00000000eab0cf30) thrown at [D:\re\workspace\8-2-build-windows-amd64-cygwin\jdk8u20\1074\hotspot\sr‘ñ+¢;A²?
Event: 0.071 Thread 0x000000000264e000 Exception <a 'java/lang/NoSuchMethodError': Method sun.misc.Unsafe.prefetchRead(Ljava/lang/Object;J)V name or signature does not match> (0x00000000eab0d1c0) thrown at [D:\re\workspace\8-2-build-windows-amd64-cygwin\jdk8u20\1074\hotspot\src\share\vm\prims\j

Events (10 events):
Event: 0.076 loading class sun/nio/cs/StandardCharsets$Classes done
Event: 0.076 loading class sun/nio/cs/StandardCharsets$Cache
Event: 0.076 loading class sun/nio/cs/StandardCharsets$Cache done
Event: 0.076 loading class java/lang/ThreadLocal
Event: 0.076 loading class java/lang/ThreadLocal done
Event: 0.076 loading class java/util/concurrent/atomic/AtomicInteger
Event: 0.076 loading class java/util/concurrent/atomic/AtomicInteger done
Event: 0.077 loading class sun/security/action/GetPropertyAction
Event: 0.077 loading class sun/security/action/GetPropertyAction done
Event: 0.077 loading class java/util/Arrays


Dynamic libraries:
0x00007ff6e2e50000 - 0x00007ff6e2e84000 	C:\Program Files\Java\jdk1.8.0_20\bin\java.exe
0x00007ff8e97e0000 - 0x00007ff8e998c000 	C:\Windows\SYSTEM32\ntdll.dll
0x00007ff8e71b0000 - 0x00007ff8e72ee000 	C:\Windows\system32\KERNEL32.DLL
0x00007ff8e6a60000 - 0x00007ff8e6b75000 	C:\Windows\system32\KERNELBASE.dll
0x00007ff8e54d0000 - 0x00007ff8e555e000 	C:\Windows\system32\apphelp.dll
0x00007ff8cac80000 - 0x00007ff8cacd3000 	C:\Windows\AppPatch\AppPatch64\AcGenral.DLL
0x00007ff8e73b0000 - 0x00007ff8e745a000 	C:\Windows\system32\msvcrt.dll
0x00007ff8e6700000 - 0x00007ff8e672e000 	C:\Windows\SYSTEM32\SspiCli.dll
0x00007ff8e7030000 - 0x00007ff8e7084000 	C:\Windows\system32\SHLWAPI.dll
0x00007ff8e9370000 - 0x00007ff8e94e7000 	C:\Windows\system32\USER32.dll
0x00007ff8e7c90000 - 0x00007ff8e7e24000 	C:\Windows\system32\ole32.dll
0x00007ff8e7e30000 - 0x00007ff8e9348000 	C:\Windows\system32\SHELL32.dll
0x00007ff8e5ed0000 - 0x00007ff8e5ef1000 	C:\Windows\SYSTEM32\USERENV.dll
0x00007ff8e72f0000 - 0x00007ff8e739a000 	C:\Windows\system32\ADVAPI32.dll
0x00007ff8def10000 - 0x00007ff8def2e000 	C:\Windows\SYSTEM32\MPR.dll
0x00007ff8e77f0000 - 0x00007ff8e7931000 	C:\Windows\system32\RPCRT4.dll
0x00007ff8e6fc0000 - 0x00007ff8e7019000 	C:\Windows\SYSTEM32\sechost.dll
0x00007ff8e94f0000 - 0x00007ff8e9701000 	C:\Windows\SYSTEM32\combase.dll
0x00007ff8e6e60000 - 0x00007ff8e6fb1000 	C:\Windows\system32\GDI32.dll
0x00007ff8e6930000 - 0x00007ff8e6945000 	C:\Windows\SYSTEM32\profapi.dll
0x00007ff8e4cf0000 - 0x00007ff8e4da2000 	C:\Windows\SYSTEM32\SHCORE.dll
0x00007ff8e7c50000 - 0x00007ff8e7c86000 	C:\Windows\system32\IMM32.DLL
0x00007ff8e7470000 - 0x00007ff8e75c2000 	C:\Windows\system32\MSCTF.dll
0x00007ff8e40e0000 - 0x00007ff8e435b000 	C:\Windows\WinSxS\amd64_microsoft.windows.common-controls_6595b64144ccf1df_6.0.9600.17784_none_624760d1ecb7236e\COMCTL32.dll
0x0000000055c10000 - 0x0000000055ce2000 	C:\Program Files\Java\jdk1.8.0_20\jre\bin\msvcr100.dll
0x00000000560d0000 - 0x0000000056928000 	C:\Program Files\Java\jdk1.8.0_20\jre\bin\server\jvm.dll
0x00007ff8e35d0000 - 0x00007ff8e35d9000 	C:\Windows\SYSTEM32\WSOCK32.dll
0x00007ff8d4130000 - 0x00007ff8d4152000 	C:\Windows\SYSTEM32\WINMM.dll
0x00007ff8e73a0000 - 0x00007ff8e73a7000 	C:\Windows\system32\PSAPI.DLL
0x00007ff8e7be0000 - 0x00007ff8e7c3a000 	C:\Windows\system32\WS2_32.dll
0x00007ff8d4100000 - 0x00007ff8d412a000 	C:\Windows\SYSTEM32\WINMMBASE.dll
0x00007ff8e7460000 - 0x00007ff8e7469000 	C:\Windows\system32\NSI.dll
0x00007ff8e6e10000 - 0x00007ff8e6e5f000 	C:\Windows\SYSTEM32\cfgmgr32.dll
0x00007ff8e5720000 - 0x00007ff8e5748000 	C:\Windows\SYSTEM32\DEVOBJ.dll
0x00000000560c0000 - 0x00000000560cf000 	C:\Program Files\Java\jdk1.8.0_20\jre\bin\verify.dll
0x0000000056090000 - 0x00000000560b8000 	C:\Program Files\Java\jdk1.8.0_20\jre\bin\java.dll
0x0000000056070000 - 0x0000000056086000 	C:\Program Files\Java\jdk1.8.0_20\jre\bin\zip.dll

VM Arguments:
jvm_args: -Xmx1024M -Dfile.encoding=windows-1252 -Duser.country=US -Duser.language=en -Duser.variant 
java_command: com.android.dx.command.Main --dex --output I:\GroupMessaging\app\build\intermediates\pre-dexed\debug\internal_impl-21.0.3-60d053ec2a5be33eb2db5fda5f98666bec481523.jar I:\GroupMessaging\app\build\intermediates\exploded-aar\com.android.support\support-v4\21.0.3\jars\libs\internal_impl-21.0.3.jar
java_class_path (initial): I:\Program Files\Android\sdk\build-tools\21.1.2\lib\dx.jar
Launcher Type: SUN_STANDARD

Environment Variables:
JAVA_HOME=C:\Program Files\Java\jdk1.8.0_20
PATH=C:\Program Files (x86)\Intel\Trace Analyzer and Collector\9.0.2.045\bin;C:\Program Files (x86)\Intel\MPI\5.0.2.044\intel64\bin;C:\Program Files (x86)\Common Files\Intel\Shared Libraries\redist\intel64\mpirt;C:\Program Files (x86)\Common Files\Intel\Shared Libraries\redist\ia32\mpirt;C:\Program Files (x86)\Common Files\Intel\Shared Libraries\redist\intel64\compiler;C:\Program Files (x86)\Common Files\Intel\Shared Libraries\redist\ia32\compiler;C:\Program Files (x86)\Intel\iCLS Client\;C:\Program Files\Intel\iCLS Client\;C:\ProgramData\Oracle\Java\javapath;C:\Windows\system32;C:\Windows;C:\Windows\System32\Wbem;C:\Windows\System32\WindowsPowerShell\v1.0\;C:\Windows\idmu\common;C:\Program Files\Intel\Intel(R) Management Engine Components\DAL;C:\Program Files (x86)\Intel\Intel(R) Management Engine Components\DAL;C:\Program Files\Intel\Intel(R) Management Engine Components\IPT;C:\Program Files (x86)\Intel\Intel(R) Management Engine Components\IPT;C:\Program Files (x86)\Windows Kits\8.1\Windows Performance Toolkit\;C:\Program Files\Microsoft SQL Server\110\Tools\Binn\;C:\Program Files\Java\jdk1.8.0_20\bin;C:\Windows\system32;C:\Windows;C:\Windows\System32\Wbem;C:\Windows\System32\WindowsPowerShell\v1.0;C:\MinGW\bin;C:\MinGW\msys\1.0\bin;C:\Program Files (x86)\GtkSharp\2.12\bin;C:\Program Files (x86)\Microsoft SDKs\TypeScript\1.0\;C:\Program Files\Microsoft SQL Server\120\Tools\Binn\;C:\Python27;C:\Program Files\Microsoft SQL Server\120\DTS\Binn\;C:\Program Files\Microsoft SQL Server\Client SDK\ODBC\110\Tools\Binn\;C:\Program Files (x86)\Microsoft SQL Server\120\Tools\Binn\;C:\Program Files (x86)\Microsoft SQL Server\120\Tools\Binn\ManagementStudio\;C:\Program Files (x86)\Microsoft SQL Server\120\DTS\Binn\;C:\Program Files (x86)\Intel\Trace Analyzer and Collector\9.0.2.045\dll;I:\Programs\Cocos2D\cocos2d-x-3.4\templates;I:\Programs\Cocos2D\cocos2d-x-3.4\tools\cocos2d-console\bin
USERNAME=Keoush
OS=Windows_NT
PROCESSOR_IDENTIFIER=Intel64 Family 6 Model 60 Stepping 3, GenuineIntel



---------------  S Y S T E M  ---------------

OS: Windows 8.1 , 64 bit Build 9600 

CPU:total 8 (4 cores per cpu, 2 threads per core) family 6 model 60 stepping 3, cmov, cx8, fxsr, mmx, sse, sse2, sse3, ssse3, sse4.1, sse4.2, popcnt, avx, avx2, aes, clmul, erms, rtm, lzcnt, ht, tsc, tscinvbit, bmi1, bmi2

Memory: 4k page, physical 8064892k(2252704k free), swap 8064892k(6832k free)

vm_info: Java HotSpot(TM) 64-Bit Server VM (25.20-b23) for windows-amd64 JRE (1.8.0_20-b26), built on Jul 30 2014 13:51:23 by "java_re" with MS VC++ 10.0 (VS2010)

time: Wed May 20 23:03:55 2015
elapsed time: 0 seconds (0d 0h 0m 0s)

