#
# A fatal error has been detected by the Java Runtime Environment:
#
#  EXCEPTION_ACCESS_VIOLATION (0xc0000005) at pc=0x00000000562c9b07, pid=2772, tid=6320
#
# JRE version:  (8.0_20-b26) (build )
# Java VM: Java HotSpot(TM) 64-Bit Server VM (25.20-b23 mixed mode windows-amd64 compressed oops)
# Problematic frame:
# V  [jvm.dll+0x1f9b07]
#
# Failed to write core dump. Minidumps are not enabled by default on client versions of Windows
#
# If you would like to submit a bug report, please visit:
#   http://bugreport.sun.com/bugreport/crash.jsp
#

---------------  T H R E A D  ---------------

Current thread (0x0000000002032000):  JavaThread "Reference Handler" daemon [_thread_in_vm, id=6320, stack(0x0000000016920000,0x0000000016a20000)]

siginfo: ExceptionCode=0xc0000005, writing address 0x0000000016a1a780

Registers:
RAX=0x0000000016a1a780, RBX=0x0000000000000006, RCX=0x0000000000005000, RDX=0x0000000000000006
RSP=0x0000000016a1f780, RBP=0x0000000000000000, RSI=0x0000000016a1f780, RDI=0x0000000000000006
R8 =0x0000000000000006, R9 =0x0000000014b551e0, R10=0x0000000014225e48, R11=0x000000001692a170
R12=0x0000000014b551e0, R13=0x0000000002032000, R14=0x0000000016a1f848, R15=0x0000000014225e48
RIP=0x00000000562c9b07, EFLAGS=0x0000000000010202

Top of Stack: (sp=0x0000000016a1f780)
0x0000000016a1f780:   000000000000000a 0000000014b5cde0
0x0000000016a1f790:   0000000002032000 0000000014b551e0
0x0000000016a1f7a0:   00000000ffffffff 00000000562caa37
0x0000000016a1f7b0:   0000000016a1f8b0 0000000014225e48
0x0000000016a1f7c0:   0000000002032000 00000000561811c3
0x0000000016a1f7d0:   0000000016a1f810 0000000002032000
0x0000000016a1f7e0:   0000000016a1f8a0 0000000002032000
0x0000000016a1f7f0:   0000000014225e48 0000000002032000
0x0000000016a1f800:   0000000002050e20 0000000002032000
0x0000000016a1f810:   0000000014225e48 0000000002032000
0x0000000016a1f820:   000000001419bfd0 0000000002032000
0x0000000016a1f830:   0000000000000001 0000000014225e48
0x0000000016a1f840:   0000000002032000 0000000001f420a0
0x0000000016a1f850:   0000000002032000 00000000561826ad
0x0000000016a1f860:   0000000016a1fb68 0000000100006448
0x0000000016a1f870:   0000000100014e78 00007ff8e97fc2a3 

Instructions: (pc=0x00000000562c9b07)
0x00000000562c9ae7:   48 89 6c 24 30 33 ed 66 90 e8 9b 5a 08 00 ff c3
0x00000000562c9af7:   48 63 c8 48 8b c6 48 0f af cf 48 ff c7 48 2b c1
0x00000000562c9b07:   89 28 48 63 c3 48 3b 05 ed 64 57 00 7e db 48 8b
0x00000000562c9b17:   6c 24 30 48 8b 5c 24 38 48 8b 74 24 40 48 83 c4 


Register to memory mapping:

RAX=0x0000000016a1a780 is pointing into the stack for thread: 0x0000000002032000
RBX=0x0000000000000006 is an unknown value
RCX=0x0000000000005000 is an unknown value
RDX=0x0000000000000006 is an unknown value
RSP=0x0000000016a1f780 is pointing into the stack for thread: 0x0000000002032000
RBP=0x0000000000000000 is an unknown value
RSI=0x0000000016a1f780 is pointing into the stack for thread: 0x0000000002032000
RDI=0x0000000000000006 is an unknown value
R8 =0x0000000000000006 is an unknown value
R9 =0x0000000014b551e0 is an unknown value
R10={method} {0x0000000014225e50} 'run' '()V' in 'java/lang/ref/Reference$ReferenceHandler'
R11=0x000000001692a170 is pointing into the stack for thread: 0x0000000002032000
R12=0x0000000014b551e0 is an unknown value
R13=0x0000000002032000 is a thread
R14=0x0000000016a1f848 is pointing into the stack for thread: 0x0000000002032000
R15={method} {0x0000000014225e50} 'run' '()V' in 'java/lang/ref/Reference$ReferenceHandler'


Stack: [0x0000000016920000,0x0000000016a20000],  sp=0x0000000016a1f780,  free space=1021k
Native frames: (J=compiled Java code, j=interpreted, Vv=VM code, C=native code)


---------------  P R O C E S S  ---------------

Java Threads: ( => current thread )
  0x0000000002033000 JavaThread "Finalizer" daemon [_thread_in_vm, id=6424, stack(0x0000000016a20000,0x0000000016b20000)]
=>0x0000000002032000 JavaThread "Reference Handler" daemon [_thread_in_vm, id=6320, stack(0x0000000016920000,0x0000000016a20000)]
  0x0000000001f3e000 JavaThread "main" [_thread_blocked, id=6296, stack(0x0000000001e10000,0x0000000001f10000)]

Other Threads:
  0x0000000014b58800 VMThread [stack: 0x0000000016820000,0x0000000016920000] [id=6728]

VM state:not at safepoint (normal execution)

VM Mutex/Monitor currently owned by a thread: None

Heap:
 PSYoungGen      total 36864K, used 1269K [0x00000000eab00000, 0x00000000ed400000, 0x0000000100000000)
  eden space 31744K, 4% used [0x00000000eab00000,0x00000000eac3d7b8,0x00000000eca00000)
  from space 5120K, 0% used [0x00000000ecf00000,0x00000000ecf00000,0x00000000ed400000)
  to   space 5120K, 0% used [0x00000000eca00000,0x00000000eca00000,0x00000000ecf00000)
 ParOldGen       total 84992K, used 0K [0x00000000c0000000, 0x00000000c5300000, 0x00000000eab00000)
  object space 84992K, 0% used [0x00000000c0000000,0x00000000c0000000,0x00000000c5300000)
 Metaspace       used 867K, capacity 4480K, committed 4480K, reserved 1056768K
  class space    used 90K, capacity 384K, committed 384K, reserved 1048576K

Card table byte_map: [0x0000000011400000,0x0000000011610000] byte_map_base: 0x0000000010e00000

Marking Bits: (ParMarkBitMap*) 0x00000000568ab460
 Begin Bits: [0x0000000011f70000, 0x0000000012f70000)
 End Bits:   [0x0000000012f70000, 0x0000000013f70000)

Polling page: 0x0000000000660000

CodeCache: size=245760Kb used=401Kb max_used=401Kb free=245358Kb
 bounds [0x0000000002040000, 0x00000000022b0000, 0x0000000011040000]
 total_blobs=98 nmethods=0 adapters=73
 compilation: enabled

Compilation events (0 events):
No events

GC Heap History (0 events):
No events

Deoptimization events (0 events):
No events

Internal exceptions (0 events):
No events

Events (10 events):
Event: 0.023 loading class java/util/Stack done
Event: 0.023 loading class sun/reflect/ReflectionFactory
Event: 0.023 loading class sun/reflect/ReflectionFactory done
Event: 0.023 loading class java/lang/ref/Reference$Lock
Event: 0.023 loading class java/lang/ref/Reference$Lock done
Event: 0.023 loading class java/lang/ref/Reference$ReferenceHandler
Event: 0.023 loading class java/lang/ref/Reference$ReferenceHandler done
Event: 0.023 Thread 0x0000000002032000 Thread added: 0x0000000002032000
Event: 0.023 loading class java/lang/ref/ReferenceQueue
Event: 0.024 loading class java/lang/ref/ReferenceQueue done


Dynamic libraries:
0x00007ff6e2e50000 - 0x00007ff6e2e84000 	C:\Program Files\Java\jdk1.8.0_20\bin\java.exe
0x00007ff8e97e0000 - 0x00007ff8e998c000 	C:\Windows\SYSTEM32\ntdll.dll
0x00007ff8e71b0000 - 0x00007ff8e72ee000 	C:\Windows\system32\KERNEL32.DLL
0x00007ff8e6a60000 - 0x00007ff8e6b75000 	C:\Windows\system32\KERNELBASE.dll
0x00007ff8e54d0000 - 0x00007ff8e555e000 	C:\Windows\system32\apphelp.dll
0x00007ff8caa70000 - 0x00007ff8caac3000 	C:\Windows\AppPatch\AppPatch64\AcGenral.DLL
0x00007ff8e73b0000 - 0x00007ff8e745a000 	C:\Windows\system32\msvcrt.dll
0x00007ff8e6700000 - 0x00007ff8e672e000 	C:\Windows\SYSTEM32\SspiCli.dll
0x00007ff8e7030000 - 0x00007ff8e7084000 	C:\Windows\system32\SHLWAPI.dll
0x00007ff8e9370000 - 0x00007ff8e94e7000 	C:\Windows\system32\USER32.dll
0x00007ff8e7c90000 - 0x00007ff8e7e24000 	C:\Windows\system32\ole32.dll
0x00007ff8e7e30000 - 0x00007ff8e9348000 	C:\Windows\system32\SHELL32.dll
0x00007ff8e5ed0000 - 0x00007ff8e5ef1000 	C:\Windows\SYSTEM32\USERENV.dll
0x00007ff8e72f0000 - 0x00007ff8e739a000 	C:\Windows\system32\ADVAPI32.dll
0x00007ff8def10000 - 0x00007ff8def2e000 	C:\Windows\SYSTEM32\MPR.dll
0x00007ff8e77f0000 - 0x00007ff8e7931000 	C:\Windows\system32\RPCRT4.dll
0x00007ff8e6fc0000 - 0x00007ff8e7019000 	C:\Windows\SYSTEM32\sechost.dll
0x00007ff8e94f0000 - 0x00007ff8e9701000 	C:\Windows\SYSTEM32\combase.dll
0x00007ff8e6e60000 - 0x00007ff8e6fb1000 	C:\Windows\system32\GDI32.dll
0x00007ff8e6930000 - 0x00007ff8e6945000 	C:\Windows\SYSTEM32\profapi.dll
0x00007ff8e4cf0000 - 0x00007ff8e4da2000 	C:\Windows\SYSTEM32\SHCORE.dll
0x00007ff8e7c50000 - 0x00007ff8e7c86000 	C:\Windows\system32\IMM32.DLL
0x00007ff8e7470000 - 0x00007ff8e75c2000 	C:\Windows\system32\MSCTF.dll
0x00007ff8e40e0000 - 0x00007ff8e435b000 	C:\Windows\WinSxS\amd64_microsoft.windows.common-controls_6595b64144ccf1df_6.0.9600.17784_none_624760d1ecb7236e\COMCTL32.dll
0x0000000055c10000 - 0x0000000055ce2000 	C:\Program Files\Java\jdk1.8.0_20\jre\bin\msvcr100.dll
0x00000000560d0000 - 0x0000000056928000 	C:\Program Files\Java\jdk1.8.0_20\jre\bin\server\jvm.dll
0x00007ff8e35d0000 - 0x00007ff8e35d9000 	C:\Windows\SYSTEM32\WSOCK32.dll
0x00007ff8d4130000 - 0x00007ff8d4152000 	C:\Windows\SYSTEM32\WINMM.dll
0x00007ff8e73a0000 - 0x00007ff8e73a7000 	C:\Windows\system32\PSAPI.DLL
0x00007ff8e7be0000 - 0x00007ff8e7c3a000 	C:\Windows\system32\WS2_32.dll
0x00007ff8d4100000 - 0x00007ff8d412a000 	C:\Windows\SYSTEM32\WINMMBASE.dll
0x00007ff8e7460000 - 0x00007ff8e7469000 	C:\Windows\system32\NSI.dll
0x00007ff8e6e10000 - 0x00007ff8e6e5f000 	C:\Windows\SYSTEM32\cfgmgr32.dll
0x00007ff8e5720000 - 0x00007ff8e5748000 	C:\Windows\SYSTEM32\DEVOBJ.dll
0x00000000560c0000 - 0x00000000560cf000 	C:\Program Files\Java\jdk1.8.0_20\jre\bin\verify.dll
0x0000000056090000 - 0x00000000560b8000 	C:\Program Files\Java\jdk1.8.0_20\jre\bin\java.dll
0x0000000056070000 - 0x0000000056086000 	C:\Program Files\Java\jdk1.8.0_20\jre\bin\zip.dll

VM Arguments:
jvm_args: -Xmx1024M -Dfile.encoding=windows-1252 -Duser.country=US -Duser.language=en -Duser.variant 
java_command: com.android.dx.command.Main --dex --output I:\GroupMessaging\app\build\intermediates\pre-dexed\debug\classes-b1cb7153cd718b3939c2ef72577cfb1d5298b32e.jar I:\GroupMessaging\app\build\intermediates\exploded-aar\com.android.support\support-v4\21.0.3\jars\classes.jar
java_class_path (initial): I:\Program Files\Android\sdk\build-tools\21.1.2\lib\dx.jar
Launcher Type: SUN_STANDARD

Environment Variables:
JAVA_HOME=C:\Program Files\Java\jdk1.8.0_20
PATH=C:\Program Files (x86)\Intel\Trace Analyzer and Collector\9.0.2.045\bin;C:\Program Files (x86)\Intel\MPI\5.0.2.044\intel64\bin;C:\Program Files (x86)\Common Files\Intel\Shared Libraries\redist\intel64\mpirt;C:\Program Files (x86)\Common Files\Intel\Shared Libraries\redist\ia32\mpirt;C:\Program Files (x86)\Common Files\Intel\Shared Libraries\redist\intel64\compiler;C:\Program Files (x86)\Common Files\Intel\Shared Libraries\redist\ia32\compiler;C:\Program Files (x86)\Intel\iCLS Client\;C:\Program Files\Intel\iCLS Client\;C:\ProgramData\Oracle\Java\javapath;C:\Windows\system32;C:\Windows;C:\Windows\System32\Wbem;C:\Windows\System32\WindowsPowerShell\v1.0\;C:\Windows\idmu\common;C:\Program Files\Intel\Intel(R) Management Engine Components\DAL;C:\Program Files (x86)\Intel\Intel(R) Management Engine Components\DAL;C:\Program Files\Intel\Intel(R) Management Engine Components\IPT;C:\Program Files (x86)\Intel\Intel(R) Management Engine Components\IPT;C:\Program Files (x86)\Windows Kits\8.1\Windows Performance Toolkit\;C:\Program Files\Microsoft SQL Server\110\Tools\Binn\;C:\Program Files\Java\jdk1.8.0_20\bin;C:\Windows\system32;C:\Windows;C:\Windows\System32\Wbem;C:\Windows\System32\WindowsPowerShell\v1.0;C:\MinGW\bin;C:\MinGW\msys\1.0\bin;C:\Program Files (x86)\GtkSharp\2.12\bin;C:\Program Files (x86)\Microsoft SDKs\TypeScript\1.0\;C:\Program Files\Microsoft SQL Server\120\Tools\Binn\;C:\Python27;C:\Program Files\Microsoft SQL Server\120\DTS\Binn\;C:\Program Files\Microsoft SQL Server\Client SDK\ODBC\110\Tools\Binn\;C:\Program Files (x86)\Microsoft SQL Server\120\Tools\Binn\;C:\Program Files (x86)\Microsoft SQL Server\120\Tools\Binn\ManagementStudio\;C:\Program Files (x86)\Microsoft SQL Server\120\DTS\Binn\;C:\Program Files (x86)\Intel\Trace Analyzer and Collector\9.0.2.045\dll;I:\Programs\Cocos2D\cocos2d-x-3.4\templates;I:\Programs\Cocos2D\cocos2d-x-3.4\tools\cocos2d-console\bin
USERNAME=Keoush
OS=Windows_NT
PROCESSOR_IDENTIFIER=Intel64 Family 6 Model 60 Stepping 3, GenuineIntel



---------------  S Y S T E M  ---------------

OS: Windows 8.1 , 64 bit Build 9600 

CPU:total 8 (4 cores per cpu, 2 threads per core) family 6 model 60 stepping 3, cmov, cx8, fxsr, mmx, sse, sse2, sse3, ssse3, sse4.1, sse4.2, popcnt, avx, avx2, aes, clmul, erms, rtm, lzcnt, ht, tsc, tscinvbit, bmi1, bmi2

Memory: 4k page, physical 8064892k(1965276k free), swap 8064892k(5056k free)

vm_info: Java HotSpot(TM) 64-Bit Server VM (25.20-b23) for windows-amd64 JRE (1.8.0_20-b26), built on Jul 30 2014 13:51:23 by "java_re" with MS VC++ 10.0 (VS2010)

time: Wed May 20 23:01:24 2015
elapsed time: 0 seconds (0d 0h 0m 0s)

