#
# There is insufficient memory for the Java Runtime Environment to continue.
# Native memory allocation (malloc) failed to allocate 16384 bytes for AllocateHeap
# Possible reasons:
#   The system is out of physical RAM or swap space
#   In 32 bit mode, the process size limit was hit
# Possible solutions:
#   Reduce memory load on the system
#   Increase physical memory or swap space
#   Check if swap backing store is full
#   Use 64 bit Java on a 64 bit OS
#   Decrease Java heap size (-Xmx/-Xms)
#   Decrease number of Java threads
#   Decrease Java thread stack sizes (-Xss)
#   Set larger code cache with -XX:ReservedCodeCacheSize=
# This output file may be truncated or incomplete.
#
#  Out of Memory Error (memory/allocation.inline.hpp:62), pid=4512, tid=740
#
# JRE version: Java(TM) SE Runtime Environment (8.0_20-b26) (build 1.8.0_20-b26)
# Java VM: Java HotSpot(TM) 64-Bit Server VM (25.20-b23 mixed mode windows-amd64 compressed oops)
# Failed to write core dump. Minidumps are not enabled by default on client versions of Windows
#

---------------  T H R E A D  ---------------

Current thread (0x000000000206e000):  JavaThread "main" [_thread_in_vm, id=740, stack(0x0000000001ea0000,0x0000000001fa0000)]

Stack: [0x0000000001ea0000,0x0000000001fa0000]
Native frames: (J=compiled Java code, j=interpreted, Vv=VM code, C=native code)
V  [jvm.dll+0x3152fa]

Java frames: (J=compiled Java code, j=interpreted, Vv=VM code)
j  java.time.temporal.ChronoUnit.<clinit>()V+10
v  ~StubRoutines::call_stub
j  java.time.temporal.ChronoField.<clinit>()V+9
v  ~StubRoutines::call_stub
j  java.time.LocalDate.of(III)Ljava/time/LocalDate;+0
j  java.time.LocalDate.<clinit>()V+4
v  ~StubRoutines::call_stub
j  java.time.LocalDateTime.<clinit>()V+0
v  ~StubRoutines::call_stub
j  sun.util.calendar.ZoneInfoFile.getZoneInfo(Ljava/lang/String;[J[I[J[I[Lsun/util/calendar/ZoneInfoFile$ZoneOffsetTransitionRule;)Lsun/util/calendar/ZoneInfo;+1238
j  sun.util.calendar.ZoneInfoFile.getZoneInfo(Ljava/io/DataInput;Ljava/lang/String;)Lsun/util/calendar/ZoneInfo;+204
j  sun.util.calendar.ZoneInfoFile.getZoneInfo0(Ljava/lang/String;)Lsun/util/calendar/ZoneInfo;+92
j  sun.util.calendar.ZoneInfoFile.getZoneInfo(Ljava/lang/String;)Lsun/util/calendar/ZoneInfo;+7
j  sun.util.calendar.ZoneInfo.getTimeZone(Ljava/lang/String;)Ljava/util/TimeZone;+1
j  java.util.TimeZone.getTimeZone(Ljava/lang/String;Z)Ljava/util/TimeZone;+1
j  java.util.TimeZone.setDefaultZone()Ljava/util/TimeZone;+82
j  java.util.TimeZone.getDefaultRef()Ljava/util/TimeZone;+8
j  java.util.Date.<init>(IIIIII)V+66
j  java.util.zip.ZipUtils.dosToJavaTime(J)J+62
j  java.util.zip.ZipFile.getZipEntry(Ljava/lang/String;J)Ljava/util/zip/ZipEntry;+103
j  java.util.zip.ZipFile.getEntry(Ljava/lang/String;)Ljava/util/zip/ZipEntry;+51
j  java.util.jar.JarFile.getEntry(Ljava/lang/String;)Ljava/util/zip/ZipEntry;+2
j  java.util.jar.JarFile.getJarEntry(Ljava/lang/String;)Ljava/util/jar/JarEntry;+2
j  java.util.jar.JarFile.getManEntry()Ljava/util/jar/JarEntry;+11
j  java.util.jar.JarFile.checkForSpecialAttributes()V+16
j  java.util.jar.JarFile.hasClassPathAttribute()Z+1
j  java.util.jar.JavaUtilJarAccessImpl.jarFileHasClassPathAttribute(Ljava/util/jar/JarFile;)Z+1
j  sun.misc.URLClassPath$JarLoader.getClassPath()[Ljava/net/URL;+33
j  sun.misc.URLClassPath.getLoader(I)Lsun/misc/URLClassPath$Loader;+94
j  sun.misc.URLClassPath.getResource(Ljava/lang/String;Z)Lsun/misc/Resource;+42
j  java.net.URLClassLoader$1.run()Ljava/lang/Class;+26
j  java.net.URLClassLoader$1.run()Ljava/lang/Object;+1
v  ~StubRoutines::call_stub
j  java.security.AccessController.doPrivileged(Ljava/security/PrivilegedExceptionAction;Ljava/security/AccessControlContext;)Ljava/lang/Object;+0
j  java.net.URLClassLoader.findClass(Ljava/lang/String;)Ljava/lang/Class;+13
j  java.lang.ClassLoader.loadClass(Ljava/lang/String;Z)Ljava/lang/Class;+70
j  sun.misc.Launcher$AppClassLoader.loadClass(Ljava/lang/String;Z)Ljava/lang/Class;+36
j  java.lang.ClassLoader.loadClass(Ljava/lang/String;)Ljava/lang/Class;+3
j  sun.launcher.LauncherHelper.checkAndLoadMain(ZILjava/lang/String;)Ljava/lang/Class;+93
v  ~StubRoutines::call_stub

---------------  P R O C E S S  ---------------

Java Threads: ( => current thread )
  0x0000000016d12800 JavaThread "Service Thread" daemon [_thread_blocked, id=5536, stack(0x0000000017660000,0x0000000017760000)]
  0x0000000016cce000 JavaThread "C1 CompilerThread3" daemon [_thread_blocked, id=2024, stack(0x0000000017560000,0x0000000017660000)]
  0x0000000016c95800 JavaThread "C2 CompilerThread2" daemon [_thread_blocked, id=6932, stack(0x0000000017460000,0x0000000017560000)]
  0x0000000016c92800 JavaThread "C2 CompilerThread1" daemon [_thread_blocked, id=6800, stack(0x0000000017360000,0x0000000017460000)]
  0x0000000016c89800 JavaThread "C2 CompilerThread0" daemon [_thread_blocked, id=4832, stack(0x0000000017260000,0x0000000017360000)]
  0x0000000016c88800 JavaThread "Attach Listener" daemon [_thread_blocked, id=6836, stack(0x0000000017160000,0x0000000017260000)]
  0x0000000016c87000 JavaThread "Signal Dispatcher" daemon [_thread_blocked, id=6548, stack(0x0000000017060000,0x0000000017160000)]
  0x0000000002168800 JavaThread "Finalizer" daemon [_thread_blocked, id=4100, stack(0x0000000016b60000,0x0000000016c60000)]
  0x0000000002162000 JavaThread "Reference Handler" daemon [_thread_blocked, id=984, stack(0x0000000016a60000,0x0000000016b60000)]
=>0x000000000206e000 JavaThread "main" [_thread_in_vm, id=740, stack(0x0000000001ea0000,0x0000000001fa0000)]

Other Threads:
  0x0000000014c88800 VMThread [stack: 0x0000000016960000,0x0000000016a60000] [id=4916]
  0x0000000016d13800 WatcherThread [stack: 0x0000000017760000,0x0000000017860000] [id=6300]

VM state:not at safepoint (normal execution)

VM Mutex/Monitor currently owned by a thread:  ([mutex/lock_event])
[0x000000000206cde0] SystemDictionary_lock - owner thread: 0x000000000206e000
[0x0000000002070b50] Compile_lock - owner thread: 0x000000000206e000

Heap:
 PSYoungGen      total 36864K, used 1904K [0x00000000eab00000, 0x00000000ed400000, 0x0000000100000000)
  eden space 31744K, 6% used [0x00000000eab00000,0x00000000eacdc350,0x00000000eca00000)
  from space 5120K, 0% used [0x00000000ecf00000,0x00000000ecf00000,0x00000000ed400000)
  to   space 5120K, 0% used [0x00000000eca00000,0x00000000eca00000,0x00000000ecf00000)
 ParOldGen       total 84992K, used 0K [0x00000000c0000000, 0x00000000c5300000, 0x00000000eab00000)
  object space 84992K, 0% used [0x00000000c0000000,0x00000000c0000000,0x00000000c5300000)
 Metaspace       used 2699K, capacity 4480K, committed 4480K, reserved 1056768K
  class space    used 284K, capacity 384K, committed 384K, reserved 1048576K

Card table byte_map: [0x0000000011530000,0x0000000011740000] byte_map_base: 0x0000000010f30000

Marking Bits: (ParMarkBitMap*) 0x00000000568ab460
 Begin Bits: [0x00000000120a0000, 0x00000000130a0000)
 End Bits:   [0x00000000130a0000, 0x00000000140a0000)

Polling page: 0x0000000000660000

CodeCache: size=245760Kb used=1134Kb max_used=1134Kb free=244625Kb
 bounds [0x0000000002170000, 0x00000000023e0000, 0x0000000011170000]
 total_blobs=273 nmethods=33 adapters=155
 compilation: enabled

Compilation events (10 events):
Event: 0.220 Thread 0x0000000016cce000   30       3       java.io.DataInputStream::readShort (40 bytes)
Event: 0.221 Thread 0x0000000016cce000 nmethod 30 0x0000000002288a10 code [0x0000000002288ba0, 0x0000000002288f48]
Event: 0.221 Thread 0x0000000016cce000   28       3       java.io.DataInputStream::readUnsignedShort (39 bytes)
Event: 0.221 Thread 0x0000000016cce000 nmethod 28 0x0000000002289090 code [0x0000000002289220, 0x00000000022895c8]
Event: 0.221 Thread 0x0000000016cce000   31       3       java.util.HashMap::hash (20 bytes)
Event: 0.222 Thread 0x0000000016cce000 nmethod 31 0x0000000002289710 code [0x0000000002289880, 0x0000000002289ac8]
Event: 0.222 Thread 0x0000000016cce000   32  s    3       java.io.ByteArrayInputStream::read (36 bytes)
Event: 0.222 Thread 0x0000000016cce000 nmethod 32 0x0000000002289b90 code [0x0000000002289d00, 0x000000000228a050]
Event: 0.222 Thread 0x0000000016cce000   33       3       java.io.DataInputStream::readByte (23 bytes)
Event: 0.222 Thread 0x0000000016cce000 nmethod 33 0x000000000228a150 code [0x000000000228a2e0, 0x000000000228a5b8]

GC Heap History (0 events):
No events

Deoptimization events (0 events):
No events

Internal exceptions (3 events):
Event: 0.053 Thread 0x000000000206e000 Exception <a 'java/lang/NoSuchMethodError': Method sun.misc.Unsafe.defineClass(Ljava/lang/String;[BII)Ljava/lang/Class; name or signature does not match> (0x00000000eab0cf48) thrown at [D:\re\workspace\8-2-build-windows-amd64-cygwin\jdk8u20\1074\hotspot\srÂÀíì9«?
Event: 0.053 Thread 0x000000000206e000 Exception <a 'java/lang/NoSuchMethodError': Method sun.misc.Unsafe.prefetchRead(Ljava/lang/Object;J)V name or signature does not match> (0x00000000eab0d1d8) thrown at [D:\re\workspace\8-2-build-windows-amd64-cygwin\jdk8u20\1074\hotspot\src\share\vm\prims\jÃ\~QM·?
Event: 0.091 Thread 0x000000000206e000 Exception <a 'java/security/PrivilegedActionException'> (0x00000000eab5f218) thrown at [D:\re\workspace\8-2-build-windows-amd64-cygwin\jdk8u20\1074\hotspot\src\share\vm\prims\jvm.cpp, line 1275]

Events (10 events):
Event: 0.223 loading class java/time/temporal/TemporalField
Event: 0.223 loading class java/time/temporal/TemporalField done
Event: 0.223 loading class java/time/temporal/ChronoField done
Event: 0.223 loading class java/time/temporal/ChronoUnit
Event: 0.223 loading class java/time/temporal/TemporalUnit
Event: 0.224 loading class java/time/temporal/TemporalUnit done
Event: 0.224 loading class java/time/temporal/ChronoUnit done
Event: 0.224 loading class java/time/Duration
Event: 0.224 loading class java/time/temporal/TemporalAmount
Event: 0.224 loading class java/time/temporal/TemporalAmount done


Dynamic libraries:
0x00007ff6e2e50000 - 0x00007ff6e2e84000 	C:\Program Files\Java\jdk1.8.0_20\bin\java.exe
0x00007ff8e97e0000 - 0x00007ff8e998c000 	C:\Windows\SYSTEM32\ntdll.dll
0x00007ff8e71b0000 - 0x00007ff8e72ee000 	C:\Windows\system32\KERNEL32.DLL
0x00007ff8e6a60000 - 0x00007ff8e6b75000 	C:\Windows\system32\KERNELBASE.dll
0x00007ff8e54d0000 - 0x00007ff8e555e000 	C:\Windows\system32\apphelp.dll
0x00007ff8cac80000 - 0x00007ff8cacd3000 	C:\Windows\AppPatch\AppPatch64\AcGenral.DLL
0x00007ff8e73b0000 - 0x00007ff8e745a000 	C:\Windows\system32\msvcrt.dll
0x00007ff8e6700000 - 0x00007ff8e672e000 	C:\Windows\SYSTEM32\SspiCli.dll
0x00007ff8e7030000 - 0x00007ff8e7084000 	C:\Windows\system32\SHLWAPI.dll
0x00007ff8e9370000 - 0x00007ff8e94e7000 	C:\Windows\system32\USER32.dll
0x00007ff8e7c90000 - 0x00007ff8e7e24000 	C:\Windows\system32\ole32.dll
0x00007ff8e7e30000 - 0x00007ff8e9348000 	C:\Windows\system32\SHELL32.dll
0x00007ff8e5ed0000 - 0x00007ff8e5ef1000 	C:\Windows\SYSTEM32\USERENV.dll
0x00007ff8e72f0000 - 0x00007ff8e739a000 	C:\Windows\system32\ADVAPI32.dll
0x00007ff8def10000 - 0x00007ff8def2e000 	C:\Windows\SYSTEM32\MPR.dll
0x00007ff8e77f0000 - 0x00007ff8e7931000 	C:\Windows\system32\RPCRT4.dll
0x00007ff8e6fc0000 - 0x00007ff8e7019000 	C:\Windows\SYSTEM32\sechost.dll
0x00007ff8e94f0000 - 0x00007ff8e9701000 	C:\Windows\SYSTEM32\combase.dll
0x00007ff8e6e60000 - 0x00007ff8e6fb1000 	C:\Windows\system32\GDI32.dll
0x00007ff8e6930000 - 0x00007ff8e6945000 	C:\Windows\SYSTEM32\profapi.dll
0x00007ff8e4cf0000 - 0x00007ff8e4da2000 	C:\Windows\SYSTEM32\SHCORE.dll
0x00007ff8e7c50000 - 0x00007ff8e7c86000 	C:\Windows\system32\IMM32.DLL
0x00007ff8e7470000 - 0x00007ff8e75c2000 	C:\Windows\system32\MSCTF.dll
0x00007ff8e40e0000 - 0x00007ff8e435b000 	C:\Windows\WinSxS\amd64_microsoft.windows.common-controls_6595b64144ccf1df_6.0.9600.17784_none_624760d1ecb7236e\COMCTL32.dll
0x0000000055c10000 - 0x0000000055ce2000 	C:\Program Files\Java\jdk1.8.0_20\jre\bin\msvcr100.dll
0x00000000560d0000 - 0x0000000056928000 	C:\Program Files\Java\jdk1.8.0_20\jre\bin\server\jvm.dll
0x00007ff8e35d0000 - 0x00007ff8e35d9000 	C:\Windows\SYSTEM32\WSOCK32.dll
0x00007ff8d4130000 - 0x00007ff8d4152000 	C:\Windows\SYSTEM32\WINMM.dll
0x00007ff8e73a0000 - 0x00007ff8e73a7000 	C:\Windows\system32\PSAPI.DLL
0x00007ff8e7be0000 - 0x00007ff8e7c3a000 	C:\Windows\system32\WS2_32.dll
0x00007ff8d4100000 - 0x00007ff8d412a000 	C:\Windows\SYSTEM32\WINMMBASE.dll
0x00007ff8e7460000 - 0x00007ff8e7469000 	C:\Windows\system32\NSI.dll
0x00007ff8e6e10000 - 0x00007ff8e6e5f000 	C:\Windows\SYSTEM32\cfgmgr32.dll
0x00007ff8e5720000 - 0x00007ff8e5748000 	C:\Windows\SYSTEM32\DEVOBJ.dll
0x00000000560c0000 - 0x00000000560cf000 	C:\Program Files\Java\jdk1.8.0_20\jre\bin\verify.dll
0x0000000056090000 - 0x00000000560b8000 	C:\Program Files\Java\jdk1.8.0_20\jre\bin\java.dll
0x0000000056070000 - 0x0000000056086000 	C:\Program Files\Java\jdk1.8.0_20\jre\bin\zip.dll
0x00007ff8df240000 - 0x00007ff8df3c9000 	C:\Windows\SYSTEM32\dbghelp.dll

VM Arguments:
jvm_args: -Xmx1024M -Dfile.encoding=windows-1252 -Duser.country=US -Duser.language=en -Duser.variant 
java_command: com.android.dx.command.Main --dex --output I:\GroupMessaging\app\build\intermediates\pre-dexed\debug\support-annotations-21.0.3-8eeeb6972a9eb5bbe12b3e7c4d01c69f116a4a13.jar I:\Program Files\Android\sdk\extras\android\m2repository\com\android\support\support-annotations\21.0.3\support-annotations-21.0.3.jar
java_class_path (initial): I:\Program Files\Android\sdk\build-tools\21.1.2\lib\dx.jar
Launcher Type: SUN_STANDARD

Environment Variables:
JAVA_HOME=C:\Program Files\Java\jdk1.8.0_20
PATH=C:\Program Files (x86)\Intel\Trace Analyzer and Collector\9.0.2.045\bin;C:\Program Files (x86)\Intel\MPI\5.0.2.044\intel64\bin;C:\Program Files (x86)\Common Files\Intel\Shared Libraries\redist\intel64\mpirt;C:\Program Files (x86)\Common Files\Intel\Shared Libraries\redist\ia32\mpirt;C:\Program Files (x86)\Common Files\Intel\Shared Libraries\redist\intel64\compiler;C:\Program Files (x86)\Common Files\Intel\Shared Libraries\redist\ia32\compiler;C:\Program Files (x86)\Intel\iCLS Client\;C:\Program Files\Intel\iCLS Client\;C:\ProgramData\Oracle\Java\javapath;C:\Windows\system32;C:\Windows;C:\Windows\System32\Wbem;C:\Windows\System32\WindowsPowerShell\v1.0\;C:\Windows\idmu\common;C:\Program Files\Intel\Intel(R) Management Engine Components\DAL;C:\Program Files (x86)\Intel\Intel(R) Management Engine Components\DAL;C:\Program Files\Intel\Intel(R) Management Engine Components\IPT;C:\Program Files (x86)\Intel\Intel(R) Management Engine Components\IPT;C:\Program Files (x86)\Windows Kits\8.1\Windows Performance Toolkit\;C:\Program Files\Microsoft SQL Server\110\Tools\Binn\;C:\Program Files\Java\jdk1.8.0_20\bin;C:\Windows\system32;C:\Windows;C:\Windows\System32\Wbem;C:\Windows\System32\WindowsPowerShell\v1.0;C:\MinGW\bin;C:\MinGW\msys\1.0\bin;C:\Program Files (x86)\GtkSharp\2.12\bin;C:\Program Files (x86)\Microsoft SDKs\TypeScript\1.0\;C:\Program Files\Microsoft SQL Server\120\Tools\Binn\;C:\Python27;C:\Program Files\Microsoft SQL Server\120\DTS\Binn\;C:\Program Files\Microsoft SQL Server\Client SDK\ODBC\110\Tools\Binn\;C:\Program Files (x86)\Microsoft SQL Server\120\Tools\Binn\;C:\Program Files (x86)\Microsoft SQL Server\120\Tools\Binn\ManagementStudio\;C:\Program Files (x86)\Microsoft SQL Server\120\DTS\Binn\;C:\Program Files (x86)\Intel\Trace Analyzer and Collector\9.0.2.045\dll;I:\Programs\Cocos2D\cocos2d-x-3.4\templates;I:\Programs\Cocos2D\cocos2d-x-3.4\tools\cocos2d-console\bin
USERNAME=Keoush
OS=Windows_NT
PROCESSOR_IDENTIFIER=Intel64 Family 6 Model 60 Stepping 3, GenuineIntel



---------------  S Y S T E M  ---------------

OS: Windows 8.1 , 64 bit Build 9600 

CPU:total 8 (4 cores per cpu, 2 threads per core) family 6 model 60 stepping 3, cmov, cx8, fxsr, mmx, sse, sse2, sse3, ssse3, sse4.1, sse4.2, popcnt, avx, avx2, aes, clmul, erms, rtm, lzcnt, ht, tsc, tscinvbit, bmi1, bmi2

Memory: 4k page, physical 8064892k(2252172k free), swap 8064892k(208728k free)

vm_info: Java HotSpot(TM) 64-Bit Server VM (25.20-b23) for windows-amd64 JRE (1.8.0_20-b26), built on Jul 30 2014 13:51:23 by "java_re" with MS VC++ 10.0 (VS2010)

time: Wed May 20 23:03:55 2015
elapsed time: 0 seconds (0d 0h 0m 0s)

