#
# There is insufficient memory for the Java Runtime Environment to continue.
# Native memory allocation (malloc) failed to allocate 1048576 bytes for AllocateHeap
# Possible reasons:
#   The system is out of physical RAM or swap space
#   In 32 bit mode, the process size limit was hit
# Possible solutions:
#   Reduce memory load on the system
#   Increase physical memory or swap space
#   Check if swap backing store is full
#   Use 64 bit Java on a 64 bit OS
#   Decrease Java heap size (-Xmx/-Xms)
#   Decrease number of Java threads
#   Decrease Java thread stack sizes (-Xss)
#   Set larger code cache with -XX:ReservedCodeCacheSize=
# This output file may be truncated or incomplete.
#
#  Out of Memory Error (memory/allocation.inline.hpp:62), pid=5556, tid=676
#
# JRE version:  (8.0_20-b26) (build )
# Java VM: Java HotSpot(TM) 64-Bit Server VM (25.20-b23 mixed mode windows-amd64 compressed oops)
# Failed to write core dump. Minidumps are not enabled by default on client versions of Windows
#

---------------  T H R E A D  ---------------

Current thread (0x0000000001f1e000):  JavaThread "Unknown thread" [_thread_in_vm, id=676, stack(0x0000000001de0000,0x0000000001ee0000)]

Stack: [0x0000000001de0000,0x0000000001ee0000]
Native frames: (J=compiled Java code, j=interpreted, Vv=VM code, C=native code)
V  [jvm.dll+0x3152fa]
V  [jvm.dll+0x265d03]
V  [jvm.dll+0x266943]
V  [jvm.dll+0x25e265]
V  [jvm.dll+0x25d2bf]
V  [jvm.dll+0x3d4dec]
V  [jvm.dll+0x3d0637]
V  [jvm.dll+0xe4472]
V  [jvm.dll+0x1f8a09]
V  [jvm.dll+0x229fc4]
V  [jvm.dll+0x14c6f1]
C  [java.exe+0x20b6]
C  [java.exe+0xc9bb]
C  [java.exe+0xca4f]
C  [KERNEL32.DLL+0x13d2]
C  [ntdll.dll+0x15444]


---------------  P R O C E S S  ---------------

Java Threads: ( => current thread )

Other Threads:

=>0x0000000001f1e000 (exited) JavaThread "Unknown thread" [_thread_in_vm, id=676, stack(0x0000000001de0000,0x0000000001ee0000)]

VM state:not at safepoint (normal execution)

VM Mutex/Monitor currently owned by a thread: None

Heap:
 PSYoungGen      total 36864K, used 634K [0x00000000eab00000, 0x00000000ed400000, 0x0000000100000000)
  eden space 31744K, 2% used [0x00000000eab00000,0x00000000eab9eb90,0x00000000eca00000)
  from space 5120K, 0% used [0x00000000ecf00000,0x00000000ecf00000,0x00000000ed400000)
  to   space 5120K, 0% used [0x00000000eca00000,0x00000000eca00000,0x00000000ecf00000)
 ParOldGen       total 84992K, used 0K [0x00000000c0000000, 0x00000000c5300000, 0x00000000eab00000)
  object space 84992K, 0% used [0x00000000c0000000,0x00000000c0000000,0x00000000c5300000)
 Metaspace       used 674K, capacity 4480K, committed 4480K, reserved 1056768K
  class space    used 66K, capacity 384K, committed 384K, reserved 1048576K

Card table byte_map: [0x00000000113e0000,0x00000000115f0000] byte_map_base: 0x0000000010de0000

Marking Bits: (ParMarkBitMap*) 0x00000000568ab460
 Begin Bits: [0x0000000011f50000, 0x0000000012f50000)
 End Bits:   [0x0000000012f50000, 0x0000000013f50000)

Polling page: 0x0000000000610000

CodeCache: size=245760Kb used=327Kb max_used=327Kb free=245432Kb
 bounds [0x0000000002020000, 0x0000000002290000, 0x0000000011020000]
 total_blobs=56 nmethods=0 adapters=37
 compilation: enabled

Compilation events (0 events):
No events

GC Heap History (0 events):
No events

Deoptimization events (0 events):
No events

Internal exceptions (0 events):
No events

Events (10 events):
Event: 0.052 loading class java/lang/Short
Event: 0.053 loading class java/lang/Short done
Event: 0.053 loading class java/lang/Integer
Event: 0.053 loading class java/lang/Integer done
Event: 0.053 loading class java/lang/Long
Event: 0.053 loading class java/lang/Long done
Event: 0.053 loading class java/lang/NullPointerException
Event: 0.053 loading class java/lang/NullPointerException done
Event: 0.053 loading class java/lang/ArithmeticException
Event: 0.053 loading class java/lang/ArithmeticException done


Dynamic libraries:
0x00007ff6e2e50000 - 0x00007ff6e2e84000 	C:\Program Files\Java\jdk1.8.0_20\bin\java.exe
0x00007ff8e97e0000 - 0x00007ff8e998c000 	C:\Windows\SYSTEM32\ntdll.dll
0x00007ff8e71b0000 - 0x00007ff8e72ee000 	C:\Windows\system32\KERNEL32.DLL
0x00007ff8e6a60000 - 0x00007ff8e6b75000 	C:\Windows\system32\KERNELBASE.dll
0x00007ff8e54d0000 - 0x00007ff8e555e000 	C:\Windows\system32\apphelp.dll
0x00007ff8cac80000 - 0x00007ff8cacd3000 	C:\Windows\AppPatch\AppPatch64\AcGenral.DLL
0x00007ff8e73b0000 - 0x00007ff8e745a000 	C:\Windows\system32\msvcrt.dll
0x00007ff8e6700000 - 0x00007ff8e672e000 	C:\Windows\SYSTEM32\SspiCli.dll
0x00007ff8e7030000 - 0x00007ff8e7084000 	C:\Windows\system32\SHLWAPI.dll
0x00007ff8e9370000 - 0x00007ff8e94e7000 	C:\Windows\system32\USER32.dll
0x00007ff8e7c90000 - 0x00007ff8e7e24000 	C:\Windows\system32\ole32.dll
0x00007ff8e7e30000 - 0x00007ff8e9348000 	C:\Windows\system32\SHELL32.dll
0x00007ff8e5ed0000 - 0x00007ff8e5ef1000 	C:\Windows\SYSTEM32\USERENV.dll
0x00007ff8e72f0000 - 0x00007ff8e739a000 	C:\Windows\system32\ADVAPI32.dll
0x00007ff8def10000 - 0x00007ff8def2e000 	C:\Windows\SYSTEM32\MPR.dll
0x00007ff8e77f0000 - 0x00007ff8e7931000 	C:\Windows\system32\RPCRT4.dll
0x00007ff8e6fc0000 - 0x00007ff8e7019000 	C:\Windows\SYSTEM32\sechost.dll
0x00007ff8e94f0000 - 0x00007ff8e9701000 	C:\Windows\SYSTEM32\combase.dll
0x00007ff8e6e60000 - 0x00007ff8e6fb1000 	C:\Windows\system32\GDI32.dll
0x00007ff8e6930000 - 0x00007ff8e6945000 	C:\Windows\SYSTEM32\profapi.dll
0x00007ff8e4cf0000 - 0x00007ff8e4da2000 	C:\Windows\SYSTEM32\SHCORE.dll
0x00007ff8e7c50000 - 0x00007ff8e7c86000 	C:\Windows\system32\IMM32.DLL
0x00007ff8e7470000 - 0x00007ff8e75c2000 	C:\Windows\system32\MSCTF.dll
0x00007ff8e40e0000 - 0x00007ff8e435b000 	C:\Windows\WinSxS\amd64_microsoft.windows.common-controls_6595b64144ccf1df_6.0.9600.17784_none_624760d1ecb7236e\COMCTL32.dll
0x0000000055c10000 - 0x0000000055ce2000 	C:\Program Files\Java\jdk1.8.0_20\jre\bin\msvcr100.dll
0x00000000560d0000 - 0x0000000056928000 	C:\Program Files\Java\jdk1.8.0_20\jre\bin\server\jvm.dll
0x00007ff8e35d0000 - 0x00007ff8e35d9000 	C:\Windows\SYSTEM32\WSOCK32.dll
0x00007ff8d4130000 - 0x00007ff8d4152000 	C:\Windows\SYSTEM32\WINMM.dll
0x00007ff8e73a0000 - 0x00007ff8e73a7000 	C:\Windows\system32\PSAPI.DLL
0x00007ff8e7be0000 - 0x00007ff8e7c3a000 	C:\Windows\system32\WS2_32.dll
0x00007ff8d4100000 - 0x00007ff8d412a000 	C:\Windows\SYSTEM32\WINMMBASE.dll
0x00007ff8e7460000 - 0x00007ff8e7469000 	C:\Windows\system32\NSI.dll
0x00007ff8e6e10000 - 0x00007ff8e6e5f000 	C:\Windows\SYSTEM32\cfgmgr32.dll
0x00007ff8e5720000 - 0x00007ff8e5748000 	C:\Windows\SYSTEM32\DEVOBJ.dll
0x00000000560c0000 - 0x00000000560cf000 	C:\Program Files\Java\jdk1.8.0_20\jre\bin\verify.dll
0x0000000056090000 - 0x00000000560b8000 	C:\Program Files\Java\jdk1.8.0_20\jre\bin\java.dll
0x0000000056070000 - 0x0000000056086000 	C:\Program Files\Java\jdk1.8.0_20\jre\bin\zip.dll
0x00007ff8df240000 - 0x00007ff8df3c9000 	C:\Windows\SYSTEM32\dbghelp.dll

VM Arguments:
jvm_args: -Xmx1024M -Dfile.encoding=windows-1252 -Duser.country=US -Duser.language=en -Duser.variant 
java_command: com.android.dx.command.Main --dex --output I:\GroupMessaging\app\build\intermediates\pre-dexed\debug\jackson-core-2.2.2-eb7a580c5de62795f984d00b8b2dcc4550144531.jar C:\Users\Keoush\.gradle\caches\modules-2\files-2.1\com.fasterxml.jackson.core\jackson-core\2.2.2\d20be6a5ddd6f8cfd36ebf6dea329873a1c41f1b\jackson-core-2.2.2.jar
java_class_path (initial): I:\Program Files\Android\sdk\build-tools\21.1.2\lib\dx.jar
Launcher Type: SUN_STANDARD

Environment Variables:
JAVA_HOME=C:\Program Files\Java\jdk1.8.0_20
PATH=C:\Program Files (x86)\Intel\Trace Analyzer and Collector\9.0.2.045\bin;C:\Program Files (x86)\Intel\MPI\5.0.2.044\intel64\bin;C:\Program Files (x86)\Common Files\Intel\Shared Libraries\redist\intel64\mpirt;C:\Program Files (x86)\Common Files\Intel\Shared Libraries\redist\ia32\mpirt;C:\Program Files (x86)\Common Files\Intel\Shared Libraries\redist\intel64\compiler;C:\Program Files (x86)\Common Files\Intel\Shared Libraries\redist\ia32\compiler;C:\Program Files (x86)\Intel\iCLS Client\;C:\Program Files\Intel\iCLS Client\;C:\ProgramData\Oracle\Java\javapath;C:\Windows\system32;C:\Windows;C:\Windows\System32\Wbem;C:\Windows\System32\WindowsPowerShell\v1.0\;C:\Windows\idmu\common;C:\Program Files\Intel\Intel(R) Management Engine Components\DAL;C:\Program Files (x86)\Intel\Intel(R) Management Engine Components\DAL;C:\Program Files\Intel\Intel(R) Management Engine Components\IPT;C:\Program Files (x86)\Intel\Intel(R) Management Engine Components\IPT;C:\Program Files (x86)\Windows Kits\8.1\Windows Performance Toolkit\;C:\Program Files\Microsoft SQL Server\110\Tools\Binn\;C:\Program Files\Java\jdk1.8.0_20\bin;C:\Windows\system32;C:\Windows;C:\Windows\System32\Wbem;C:\Windows\System32\WindowsPowerShell\v1.0;C:\MinGW\bin;C:\MinGW\msys\1.0\bin;C:\Program Files (x86)\GtkSharp\2.12\bin;C:\Program Files (x86)\Microsoft SDKs\TypeScript\1.0\;C:\Program Files\Microsoft SQL Server\120\Tools\Binn\;C:\Python27;C:\Program Files\Microsoft SQL Server\120\DTS\Binn\;C:\Program Files\Microsoft SQL Server\Client SDK\ODBC\110\Tools\Binn\;C:\Program Files (x86)\Microsoft SQL Server\120\Tools\Binn\;C:\Program Files (x86)\Microsoft SQL Server\120\Tools\Binn\ManagementStudio\;C:\Program Files (x86)\Microsoft SQL Server\120\DTS\Binn\;C:\Program Files (x86)\Intel\Trace Analyzer and Collector\9.0.2.045\dll;I:\Programs\Cocos2D\cocos2d-x-3.4\templates;I:\Programs\Cocos2D\cocos2d-x-3.4\tools\cocos2d-console\bin
USERNAME=Keoush
OS=Windows_NT
PROCESSOR_IDENTIFIER=Intel64 Family 6 Model 60 Stepping 3, GenuineIntel



---------------  S Y S T E M  ---------------

OS: Windows 8.1 , 64 bit Build 9600 

CPU:total 8 (4 cores per cpu, 2 threads per core) family 6 model 60 stepping 3, cmov, cx8, fxsr, mmx, sse, sse2, sse3, ssse3, sse4.1, sse4.2, popcnt, avx, avx2, aes, clmul, erms, rtm, lzcnt, ht, tsc, tscinvbit, bmi1, bmi2

Memory: 4k page, physical 8064892k(2246944k free), swap 8064892k(5060k free)

vm_info: Java HotSpot(TM) 64-Bit Server VM (25.20-b23) for windows-amd64 JRE (1.8.0_20-b26), built on Jul 30 2014 13:51:23 by "java_re" with MS VC++ 10.0 (VS2010)

time: Wed May 20 23:03:55 2015
elapsed time: 0 seconds (0d 0h 0m 0s)

